12:43:58.996 [main                     ] DEBUG Logger               - Configured Logger
12:43:58.999 [main                     ] DEBUG GameApplication      - Logging settings
Title: Basic Game App
Version: 0.1
Width: 600
Height: 600
Fullscreen: false
Intro: false
Profiling: false
Single step:false
App Mode: DEVELOPER
Menu Key: ESCAPE
Stage Style: DECORATED
Scene Factory: class com.almasb.fxgl.app.scene.SceneFactory

12:43:59.136 [JavaFX Application Thread] DEBUG FXGLApplication      - Initializing FXGL
12:43:59.137 [JavaFX Application Thread] INFO  Engine               - FXGL-21.1 (27.03.2024 07.52) on MAC (J:24.0.1 FX:17.0.15)
12:43:59.137 [JavaFX Application Thread] DEBUG Engine               - JRE Vendor Name: Oracle Corporation
12:43:59.137 [JavaFX Application Thread] DEBUG Engine               - Running on OS: Mac OS X version 15.3.2
12:43:59.137 [JavaFX Application Thread] DEBUG Engine               - Architecture: aarch64
12:43:59.137 [JavaFX Application Thread] INFO  Engine               - Source code and latest versions at: https://github.com/AlmasB/FXGL
12:43:59.137 [JavaFX Application Thread] INFO  Engine               -       Ask questions and discuss at: https://github.com/AlmasB/FXGL/discussions
12:43:59.137 [JavaFX Application Thread] INFO  Engine               -              Join the FXGL chat at: https://gitter.im/AlmasB/FXGL
12:43:59.169 [JavaFX Application Thread] DEBUG PrimaryStageWindow   - Creating a JavaFX scene
12:43:59.183 [JavaFX Application Thread] DEBUG PrimaryStageWindow   - Target settings size: 600.0 x 600.0
12:43:59.183 [JavaFX Application Thread] DEBUG PrimaryStageWindow   - Scaled scene size:    600.0 x 600.0
12:43:59.184 [JavaFX Application Thread] DEBUG PrimaryStageWindow   - Scaled ratio: (1.0, 1.0)
12:43:59.184 [JavaFX Application Thread] DEBUG PrimaryStageWindow   - Set initial scene to FXGLStartupScene
12:43:59.186 [JavaFX Application Thread] DEBUG PrimaryStageWindow   - Opening main window
12:43:59.234 [JavaFX Application Thread] DEBUG PrimaryStageWindow   - Window border size: (0.0, 28.0)
12:43:59.234 [JavaFX Application Thread] DEBUG PrimaryStageWindow   - Scaled size: 600.0 x 600.0
12:43:59.234 [JavaFX Application Thread] DEBUG PrimaryStageWindow   - Scaled ratio: (1.0, 1.0)
12:43:59.234 [JavaFX Application Thread] DEBUG PrimaryStageWindow   - Scene size: 600.0 x 600.0
12:43:59.234 [JavaFX Application Thread] DEBUG PrimaryStageWindow   - Stage size: 600.0 x 628.0
12:43:59.237 [FXGL Background Thread 1 ] DEBUG Engine               - Initializing environment variables
12:43:59.269 [FXGL Background Thread 1 ] DEBUG FXGLAssetLoaderServi - User app class for loading assets: class com.github.jontejj.cell.evolution.game.BasicGameApp
12:43:59.269 [FXGL Background Thread 1 ] DEBUG GameApplicationServi - Applying CSS: fxgl_dark.css
12:43:59.270 [FXGL Background Thread 1 ] DEBUG FXGLAssetLoaderServi - Loading from file system: jar:file:///Users/jonatanjonsson/.m2/repository/com/github/almasb/fxgl/21.1/fxgl-21.1.jar!/fxglassets/ui/css/fxgl_dark.css
12:43:59.315 [FXGL Background Thread 1 ] DEBUG GameApplicationServi - Initializing application scenes
12:43:59.420 [FXGL Background Thread 1 ] DEBUG GameWorld            - Game world initialized
12:43:59.440 [FXGL Background Thread 1 ] DEBUG PhysicsWorld         - Physics world initialized: appHeight=600, physics.ppm=50.0
12:43:59.440 [FXGL Background Thread 1 ] DEBUG PhysicsWorld         - Using strategy: BRUTE_FORCE
12:43:59.442 [FXGL Background Thread 1 ] DEBUG GameScene            - Game scene initialized: 600x600
12:43:59.445 [FXGL Background Thread 1 ] WARN  FXGL.DefaultMenu     - FXGLDefaultMenu is not designed for resolutions < 800x600
12:43:59.445 [FXGL Background Thread 1 ] DEBUG FXGL.DefaultMenu     - createMenuBodyGameMenu()
12:43:59.451 [FXGL Background Thread 1 ] DEBUG FXGL.DefaultMenu     - createOptionsMenu()
12:43:59.454 [FXGL Background Thread 1 ] DEBUG FXGLAssetLoaderServi - Loading from file system: jar:file:///Users/jonatanjonsson/.m2/repository/com/github/almasb/fxgl/21.1/fxgl-21.1.jar!/fxglassets/textures/particles/smoke.png
12:43:59.490 [FXGL Background Thread 1 ] DEBUG FXGLAssetLoaderServi - Loading from file system: jar:file:///Users/jonatanjonsson/.m2/repository/com/github/almasb/fxgl/21.1/fxgl-21.1.jar!/fxglassets/textures/particles/trace_horizontal.png
12:43:59.502 [FXGL Background Thread 1 ] DEBUG GameApplicationServi - Application scenes initialized
12:43:59.505 [FXGL Background Thread 1 ] DEBUG SystemBundleService  - Loading FXGL system data
12:43:59.507 [FXGL Background Thread 1 ] DEBUG FileSystemAccess     - Reading from: /Users/jonatanjonsson/code/lipid-bilayer/system/fxgl.bundle
12:43:59.509 [FXGL Background Thread 1 ] DEBUG SystemBundleService  - Bundle FXGL: {}
12:43:59.509 [FXGL Background Thread 1 ] DEBUG UpdaterService       - Checking for updates
12:43:59.511 [FXGL Background Thread 4 ] DEBUG FXGLApplication      - Loading fonts
12:43:59.511 [FXGL Background Thread 4 ] DEBUG FXGLAssetLoaderServi - Loading from file system: jar:file:///Users/jonatanjonsson/.m2/repository/com/github/almasb/fxgl/21.1/fxgl-21.1.jar!/fxglassets/ui/fonts/VarelaRound-Regular.ttf
12:43:59.511 [FXGL Background Thread 1 ] DEBUG FXGLApplication      - Loading default localization
12:43:59.511 [FXGL Background Thread 1 ] DEBUG FXGLAssetLoaderServi - Loading from file system: jar:file:///Users/jonatanjonsson/.m2/repository/com/github/almasb/fxgl/21.1/fxgl-21.1.jar!/fxglassets/languages/english.lang
12:43:59.515 [FXGL Background Thread 4 ] DEBUG FXGLAssetLoaderServi - Loading from file system: jar:file:///Users/jonatanjonsson/.m2/repository/com/github/almasb/fxgl/21.1/fxgl-21.1.jar!/fxglassets/ui/fonts/Abel-Regular.ttf
12:43:59.516 [FXGL Background Thread 4 ] DEBUG FXGLAssetLoaderServi - Loading from file system: jar:file:///Users/jonatanjonsson/.m2/repository/com/github/almasb/fxgl/21.1/fxgl-21.1.jar!/fxglassets/ui/fonts/TerminalLandMono-Regular.otf
12:43:59.518 [FXGL Background Thread 4 ] DEBUG FXGLAssetLoaderServi - Loading from file system: jar:file:///Users/jonatanjonsson/.m2/repository/com/github/almasb/fxgl/21.1/fxgl-21.1.jar!/fxglassets/ui/fonts/Courier-Prime.ttf
12:43:59.518 [FXGL Background Thread 1 ] INFO  FXGLApplication      - FXGL initialization took: 0.281 sec
12:43:59.521 [JavaFX Application Thread] DEBUG Input                - Registered new binding: action0 - D
12:43:59.521 [JavaFX Application Thread] DEBUG Input                - Registered new binding: action1 - A
12:43:59.521 [JavaFX Application Thread] DEBUG Input                - Registered new binding: action2 - W
12:43:59.522 [JavaFX Application Thread] DEBUG Input                - Registered new binding: action3 - S
12:43:59.522 [JavaFX Application Thread] DEBUG FXGLAssetLoaderServi - Loading from file system: jar:file:///Users/jonatanjonsson/.m2/repository/com/github/almasb/fxgl/21.1/fxgl-21.1.jar!/fxglassets/textures/fxgl_icon.png
12:43:59.533 [JavaFX Application Thread] DEBUG FXGLAssetLoaderServi - Loading from file system: jar:file:///Users/jonatanjonsson/.m2/repository/com/github/almasb/fxgl/21.1/fxgl-21.1.jar!/fxglassets/textures/fxgl_default_cursor.png
12:43:59.533 [JavaFX Application Thread] DEBUG Input                - Registered new binding: Screenshot - CTRL+8
12:43:59.533 [JavaFX Application Thread] DEBUG Input                - Registered new binding: System info dump - CTRL+9
12:43:59.533 [JavaFX Application Thread] DEBUG Input                - Registered new binding: Restart - CTRL+R
12:43:59.534 [JavaFX Application Thread] DEBUG Input                - Registered new binding: Toggle Debug Camera - CTRL+7
12:43:59.534 [JavaFX Application Thread] DEBUG LoopRunner           - Starting loop
12:43:59.534 [JavaFX Application Thread] DEBUG LoopRunner           - Initializing JavaFX AnimationTimerLoop
12:43:59.535 [JavaFX Application Thread] DEBUG GameApplicationServi - Starting new game
12:43:59.535 [JavaFX Application Thread] DEBUG Input                - Clearing active input actions
12:43:59.538 [JavaFX Application Thread] DEBUG GameApplicationServi - Removing overlay from FXGLStartupScene and adding to FXGLLoadingScene
12:43:59.538 [JavaFX Application Thread] DEBUG PrimaryStageWindow   - FXGLStartupScene -> FXGLLoadingScene
12:43:59.538 [JavaFX Application Thread] DEBUG GameApplicationServi - Clearing previous game
12:43:59.538 [JavaFX Application Thread] DEBUG GameScene            - Clearing game scene
12:43:59.539 [JavaFX Application Thread] DEBUG GameWorld            - Clearing game world
12:43:59.539 [JavaFX Application Thread] DEBUG PhysicsWorld         - Clearing physics world
12:43:59.539 [FXGL Background Thread 4 ] DEBUG FXGLApplication      - Initializing game
12:43:59.540 [FXGL Background Thread 4 ] WARN  FXGLAssetLoaderServi - Asset "/assets/textures/brick.png" was not found!
12:43:59.540 [FXGL Background Thread 4 ] WARN  FXGLAssetLoaderServi - Failed to load IMAGE
12:43:59.541 [JavaFX Application Thread] DEBUG FXGLApplication      - Registering font factories with UI factory
12:43:59.598 [FXGL Background Thread 4 ] WARN  FXGLAssetLoaderServi - Asset "/assets/textures/brick.png" was not found!
12:43:59.598 [FXGL Background Thread 4 ] WARN  FXGLAssetLoaderServi - Failed to load IMAGE
12:43:59.599 [FXGL Background Thread 4 ] INFO  FXGLApplication      - Game initialization took: 0.059 sec
12:43:59.599 [JavaFX Application Thread] DEBUG Input                - Clearing active input actions
12:43:59.601 [JavaFX Application Thread] DEBUG GameApplicationServi - Removing overlay from FXGLLoadingScene and adding to GameScene
12:43:59.601 [JavaFX Application Thread] DEBUG PrimaryStageWindow   - FXGLLoadingScene -> GameScene
12:44:01.812 [JavaFX Application Thread] DEBUG FXGLApplication      - Exiting FXGL
12:44:01.812 [JavaFX Application Thread] DEBUG LoopRunner           - Stopping loop
12:44:01.813 [JavaFX Application Thread] DEBUG SystemBundleService  - Saving FXGL system data
12:44:01.817 [JavaFX Application Thread] DEBUG FileSystemAccess     - Writing to: /Users/jonatanjonsson/code/lipid-bilayer/system/fxgl.bundle
12:44:01.820 [JavaFX Application Thread] DEBUG Async                - Shutting down background threads
12:44:01.821 [JavaFX Application Thread] DEBUG PrimaryStageWindow   - Closing main window
12:44:01.832 [JavaFX Application Thread] DEBUG Logger               - Closing Logger
