13:00:00.722 [main                     ] DEBUG Logger               - Configured Logger
13:00:00.726 [main                     ] DEBUG GameApplication      - Logging settings
Title: Basic Game App
Version: 0.1
Width: 600
Height: 600
Fullscreen: false
Intro: false
Profiling: false
Single step:false
App Mode: DEVELOPER
Menu Key: ESCAPE
Stage Style: DECORATED
Scene Factory: class com.almasb.fxgl.app.scene.SceneFactory

13:00:00.880 [JavaFX Application Thread] DEBUG FXGLApplication      - Initializing FXGL
13:00:00.881 [JavaFX Application Thread] INFO  Engine               - FXGL-21.1 (27.03.2024 07.52) on MAC (J:24.0.1 FX:17.0.15)
13:00:00.881 [JavaFX Application Thread] DEBUG Engine               - JRE Vendor Name: Oracle Corporation
13:00:00.881 [JavaFX Application Thread] DEBUG Engine               - Running on OS: Mac OS X version 15.3.2
13:00:00.881 [JavaFX Application Thread] DEBUG Engine               - Architecture: aarch64
13:00:00.881 [JavaFX Application Thread] INFO  Engine               - Source code and latest versions at: https://github.com/AlmasB/FXGL
13:00:00.881 [JavaFX Application Thread] INFO  Engine               -       Ask questions and discuss at: https://github.com/AlmasB/FXGL/discussions
13:00:00.882 [JavaFX Application Thread] INFO  Engine               -              Join the FXGL chat at: https://gitter.im/AlmasB/FXGL
13:00:00.918 [JavaFX Application Thread] DEBUG PrimaryStageWindow   - Creating a JavaFX scene
13:00:00.936 [JavaFX Application Thread] DEBUG PrimaryStageWindow   - Target settings size: 600.0 x 600.0
13:00:00.936 [JavaFX Application Thread] DEBUG PrimaryStageWindow   - Scaled scene size:    600.0 x 600.0
13:00:00.936 [JavaFX Application Thread] DEBUG PrimaryStageWindow   - Scaled ratio: (1.0, 1.0)
13:00:00.937 [JavaFX Application Thread] DEBUG PrimaryStageWindow   - Set initial scene to FXGLStartupScene
13:00:00.939 [JavaFX Application Thread] DEBUG PrimaryStageWindow   - Opening main window
13:00:00.986 [JavaFX Application Thread] DEBUG PrimaryStageWindow   - Window border size: (0.0, 28.0)
13:00:00.986 [JavaFX Application Thread] DEBUG PrimaryStageWindow   - Scaled size: 600.0 x 600.0
13:00:00.986 [JavaFX Application Thread] DEBUG PrimaryStageWindow   - Scaled ratio: (1.0, 1.0)
13:00:00.986 [JavaFX Application Thread] DEBUG PrimaryStageWindow   - Scene size: 600.0 x 600.0
13:00:00.986 [JavaFX Application Thread] DEBUG PrimaryStageWindow   - Stage size: 600.0 x 628.0
13:00:00.989 [FXGL Background Thread 1 ] DEBUG Engine               - Initializing environment variables
13:00:01.031 [FXGL Background Thread 1 ] DEBUG FXGLAssetLoaderServi - User app class for loading assets: class com.github.jontejj.cell.evolution.game.BasicGameApp
13:00:01.032 [FXGL Background Thread 1 ] DEBUG GameApplicationServi - Applying CSS: fxgl_dark.css
13:00:01.032 [FXGL Background Thread 1 ] DEBUG FXGLAssetLoaderServi - Loading from file system: jar:file:///Users/jonatanjonsson/.m2/repository/com/github/almasb/fxgl/21.1/fxgl-21.1.jar!/fxglassets/ui/css/fxgl_dark.css
13:00:01.104 [FXGL Background Thread 1 ] DEBUG GameApplicationServi - Initializing application scenes
13:00:01.225 [FXGL Background Thread 1 ] DEBUG GameWorld            - Game world initialized
13:00:01.249 [FXGL Background Thread 1 ] DEBUG PhysicsWorld         - Physics world initialized: appHeight=600, physics.ppm=50.0
13:00:01.250 [FXGL Background Thread 1 ] DEBUG PhysicsWorld         - Using strategy: BRUTE_FORCE
13:00:01.251 [FXGL Background Thread 1 ] DEBUG GameScene            - Game scene initialized: 600x600
13:00:01.256 [FXGL Background Thread 1 ] WARN  FXGL.DefaultMenu     - FXGLDefaultMenu is not designed for resolutions < 800x600
13:00:01.256 [FXGL Background Thread 1 ] DEBUG FXGL.DefaultMenu     - createMenuBodyGameMenu()
13:00:01.263 [FXGL Background Thread 1 ] DEBUG FXGL.DefaultMenu     - createOptionsMenu()
13:00:01.267 [FXGL Background Thread 1 ] DEBUG FXGLAssetLoaderServi - Loading from file system: jar:file:///Users/jonatanjonsson/.m2/repository/com/github/almasb/fxgl/21.1/fxgl-21.1.jar!/fxglassets/textures/particles/smoke.png
13:00:01.307 [FXGL Background Thread 1 ] DEBUG FXGLAssetLoaderServi - Loading from file system: jar:file:///Users/jonatanjonsson/.m2/repository/com/github/almasb/fxgl/21.1/fxgl-21.1.jar!/fxglassets/textures/particles/trace_horizontal.png
13:00:01.317 [FXGL Background Thread 1 ] DEBUG GameApplicationServi - Application scenes initialized
13:00:01.321 [FXGL Background Thread 1 ] DEBUG SystemBundleService  - Loading FXGL system data
13:00:01.322 [FXGL Background Thread 1 ] DEBUG FileSystemAccess     - Reading from: /Users/jonatanjonsson/code/lipid-bilayer/system/fxgl.bundle
13:00:01.324 [FXGL Background Thread 1 ] DEBUG SystemBundleService  - Bundle FXGL: {}
13:00:01.324 [FXGL Background Thread 1 ] DEBUG UpdaterService       - Checking for updates
13:00:01.326 [FXGL Background Thread 4 ] DEBUG FXGLApplication      - Loading fonts
13:00:01.326 [FXGL Background Thread 1 ] DEBUG FXGLApplication      - Loading default localization
13:00:01.326 [FXGL Background Thread 1 ] DEBUG FXGLAssetLoaderServi - Loading from file system: jar:file:///Users/jonatanjonsson/.m2/repository/com/github/almasb/fxgl/21.1/fxgl-21.1.jar!/fxglassets/languages/english.lang
13:00:01.326 [FXGL Background Thread 4 ] DEBUG FXGLAssetLoaderServi - Loading from file system: jar:file:///Users/jonatanjonsson/.m2/repository/com/github/almasb/fxgl/21.1/fxgl-21.1.jar!/fxglassets/ui/fonts/VarelaRound-Regular.ttf
13:00:01.333 [FXGL Background Thread 4 ] DEBUG FXGLAssetLoaderServi - Loading from file system: jar:file:///Users/jonatanjonsson/.m2/repository/com/github/almasb/fxgl/21.1/fxgl-21.1.jar!/fxglassets/ui/fonts/Abel-Regular.ttf
13:00:01.334 [FXGL Background Thread 1 ] INFO  FXGLApplication      - FXGL initialization took: 0.344 sec
13:00:01.334 [FXGL Background Thread 4 ] DEBUG FXGLAssetLoaderServi - Loading from file system: jar:file:///Users/jonatanjonsson/.m2/repository/com/github/almasb/fxgl/21.1/fxgl-21.1.jar!/fxglassets/ui/fonts/TerminalLandMono-Regular.otf
13:00:01.335 [FXGL Background Thread 4 ] DEBUG FXGLAssetLoaderServi - Loading from file system: jar:file:///Users/jonatanjonsson/.m2/repository/com/github/almasb/fxgl/21.1/fxgl-21.1.jar!/fxglassets/ui/fonts/Courier-Prime.ttf
13:00:01.338 [JavaFX Application Thread] DEBUG Input                - Registered new binding: action0 - D
13:00:01.338 [JavaFX Application Thread] DEBUG Input                - Registered new binding: action1 - A
13:00:01.339 [JavaFX Application Thread] DEBUG Input                - Registered new binding: action2 - W
13:00:01.339 [JavaFX Application Thread] DEBUG Input                - Registered new binding: action3 - S
13:00:01.340 [JavaFX Application Thread] DEBUG Input                - Registered new binding: action4 - F
13:00:01.340 [JavaFX Application Thread] DEBUG FXGLAssetLoaderServi - Loading from file system: jar:file:///Users/jonatanjonsson/.m2/repository/com/github/almasb/fxgl/21.1/fxgl-21.1.jar!/fxglassets/textures/fxgl_icon.png
13:00:01.353 [JavaFX Application Thread] DEBUG FXGLAssetLoaderServi - Loading from file system: jar:file:///Users/jonatanjonsson/.m2/repository/com/github/almasb/fxgl/21.1/fxgl-21.1.jar!/fxglassets/textures/fxgl_default_cursor.png
13:00:01.354 [JavaFX Application Thread] DEBUG Input                - Registered new binding: Screenshot - CTRL+8
13:00:01.354 [JavaFX Application Thread] DEBUG Input                - Registered new binding: System info dump - CTRL+9
13:00:01.355 [JavaFX Application Thread] DEBUG Input                - Registered new binding: Restart - CTRL+R
13:00:01.355 [JavaFX Application Thread] DEBUG Input                - Registered new binding: Toggle Debug Camera - CTRL+7
13:00:01.356 [JavaFX Application Thread] DEBUG LoopRunner           - Starting loop
13:00:01.356 [JavaFX Application Thread] DEBUG LoopRunner           - Initializing JavaFX AnimationTimerLoop
13:00:01.356 [JavaFX Application Thread] DEBUG GameApplicationServi - Starting new game
13:00:01.356 [JavaFX Application Thread] DEBUG Input                - Clearing active input actions
13:00:01.360 [JavaFX Application Thread] DEBUG GameApplicationServi - Removing overlay from FXGLStartupScene and adding to FXGLLoadingScene
13:00:01.361 [JavaFX Application Thread] DEBUG PrimaryStageWindow   - FXGLStartupScene -> FXGLLoadingScene
13:00:01.361 [JavaFX Application Thread] DEBUG GameApplicationServi - Clearing previous game
13:00:01.361 [JavaFX Application Thread] DEBUG GameScene            - Clearing game scene
13:00:01.361 [JavaFX Application Thread] DEBUG GameWorld            - Clearing game world
13:00:01.361 [JavaFX Application Thread] DEBUG PhysicsWorld         - Clearing physics world
13:00:01.362 [FXGL Background Thread 4 ] DEBUG FXGLApplication      - Initializing game
13:00:01.364 [JavaFX Application Thread] DEBUG FXGLApplication      - Registering font factories with UI factory
13:00:01.364 [FXGL Background Thread 4 ] WARN  FXGLAssetLoaderServi - Asset "/assets/textures/brick.png" was not found!
13:00:01.364 [FXGL Background Thread 4 ] WARN  FXGLAssetLoaderServi - Failed to load IMAGE
13:00:04.330 [FXGL Background Thread 3 ] DEBUG Engine               - Logging environment variables
13:00:04.331 [FXGL Background Thread 3 ] DEBUG Engine               - achievements: []
13:00:04.331 [FXGL Background Thread 3 ] DEBUG Engine               - actualHeight: 600.0
13:00:04.331 [FXGL Background Thread 3 ] DEBUG Engine               - actualHeightProperty: ReadOnlyDoubleProperty [value: 600.0]
13:00:04.331 [FXGL Background Thread 3 ] DEBUG Engine               - actualWidth: 600.0
13:00:04.331 [FXGL Background Thread 3 ] DEBUG Engine               - actualWidthProperty: ReadOnlyDoubleProperty [value: 600.0]
13:00:04.331 [FXGL Background Thread 3 ] DEBUG Engine               - appIcon: fxgl_icon.png
13:00:04.331 [FXGL Background Thread 3 ] DEBUG Engine               - applicationMode: DEVELOPER
13:00:04.332 [FXGL Background Thread 3 ] DEBUG Engine               - cSSList: [fxgl_dark.css]
13:00:04.332 [FXGL Background Thread 3 ] DEBUG Engine               - collisionDetectionStrategy: BRUTE_FORCE
13:00:04.332 [FXGL Background Thread 3 ] DEBUG Engine               - configClass: Optional.empty
13:00:04.332 [FXGL Background Thread 3 ] DEBUG Engine               - credits: []
13:00:04.332 [FXGL Background Thread 3 ] DEBUG Engine               - defaultCursor: CursorInfo(imageName=fxgl_default_cursor.png, hotspotX=7.0, hotspotY=6.0)
13:00:04.332 [FXGL Background Thread 3 ] DEBUG Engine               - devBBoxColorProperty: ObjectProperty [value: 0xff0000ff]
13:00:04.332 [FXGL Background Thread 3 ] DEBUG Engine               - devEnableDebugCameraProperty: BooleanProperty [value: false]
13:00:04.332 [FXGL Background Thread 3 ] DEBUG Engine               - devSensorColorProperty: ObjectProperty [value: 0xffff00ff]
13:00:04.332 [FXGL Background Thread 3 ] DEBUG Engine               - devShowBBoxProperty: BooleanProperty [value: false]
13:00:04.332 [FXGL Background Thread 3 ] DEBUG Engine               - devShowPositionProperty: BooleanProperty [value: false]
13:00:04.332 [FXGL Background Thread 3 ] DEBUG Engine               - enabledMenuItems: []
13:00:04.332 [FXGL Background Thread 3 ] DEBUG Engine               - engineServices: [class com.almasb.fxgl.app.services.FXGLAssetLoaderService, class com.almasb.fxgl.app.FXGLApplication$GameApplicationService, class com.almasb.fxgl.app.services.FXGLDialogService, class com.almasb.fxgl.app.services.IOTaskExecutorService, class com.almasb.fxgl.io.FileSystemService, class com.almasb.fxgl.localization.LocalizationService, class com.almasb.fxgl.app.services.SystemBundleService, class com.almasb.fxgl.profile.SaveLoadService, class com.almasb.fxgl.ui.FXGLUIFactoryServiceProvider, class com.almasb.fxgl.ui.FXGLDialogFactoryServiceProvider, class com.almasb.fxgl.audio.AudioPlayer, class com.almasb.fxgl.notification.impl.NotificationServiceProvider, class com.almasb.fxgl.achievement.AchievementService, class com.almasb.fxgl.cutscene.CutsceneService, class com.almasb.fxgl.minigames.MiniGameService, class com.almasb.fxgl.net.NetService, class com.almasb.fxgl.app.services.UpdaterService, class com.almasb.fxgl.dev.DevService]
13:00:04.333 [FXGL Background Thread 3 ] DEBUG Engine               - fontGame: Abel-Regular.ttf
13:00:04.333 [FXGL Background Thread 3 ] DEBUG Engine               - fontMono: TerminalLandMono-Regular.otf
13:00:04.333 [FXGL Background Thread 3 ] DEBUG Engine               - fontSizeScaleUI: 1.0
13:00:04.333 [FXGL Background Thread 3 ] DEBUG Engine               - fontText: Courier-Prime.ttf
13:00:04.333 [FXGL Background Thread 3 ] DEBUG Engine               - fontUI: VarelaRound-Regular.ttf
13:00:04.333 [FXGL Background Thread 3 ] DEBUG Engine               - fullScreen: BooleanProperty [value: false]
13:00:04.333 [FXGL Background Thread 3 ] DEBUG Engine               - gameDifficulty: MEDIUM
13:00:04.333 [FXGL Background Thread 3 ] DEBUG Engine               - gameDifficultyProperty: ObjectProperty [value: MEDIUM]
13:00:04.333 [FXGL Background Thread 3 ] DEBUG Engine               - globalMusicVolume: 0.5
13:00:04.333 [FXGL Background Thread 3 ] DEBUG Engine               - globalMusicVolumeProperty: DoubleProperty [value: 0.5]
13:00:04.333 [FXGL Background Thread 3 ] DEBUG Engine               - globalSoundVolume: 0.5
13:00:04.333 [FXGL Background Thread 3 ] DEBUG Engine               - globalSoundVolumeProperty: DoubleProperty [value: 0.5]
13:00:04.333 [FXGL Background Thread 3 ] DEBUG Engine               - height: 600
13:00:04.333 [FXGL Background Thread 3 ] DEBUG Engine               - is3D: false
13:00:04.333 [FXGL Background Thread 3 ] DEBUG Engine               - isAndroid: false
13:00:04.333 [FXGL Background Thread 3 ] DEBUG Engine               - isBrowser: false
13:00:04.333 [FXGL Background Thread 3 ] DEBUG Engine               - isClickFeedbackEnabled: false
13:00:04.333 [FXGL Background Thread 3 ] DEBUG Engine               - isCloseConfirmation: false
13:00:04.333 [FXGL Background Thread 3 ] DEBUG Engine               - isDesktop: true
13:00:04.333 [FXGL Background Thread 3 ] DEBUG Engine               - isDeveloperMenuEnabled: false
13:00:04.334 [FXGL Background Thread 3 ] DEBUG Engine               - isEmbedded: false
13:00:04.334 [FXGL Background Thread 3 ] DEBUG Engine               - isEntityPreloadEnabled: true
13:00:04.334 [FXGL Background Thread 3 ] DEBUG Engine               - isExperimentalTiledLargeMap: false
13:00:04.334 [FXGL Background Thread 3 ] DEBUG Engine               - isFileSystemWriteAllowed: true
13:00:04.334 [FXGL Background Thread 3 ] DEBUG Engine               - isFullScreenAllowed: false
13:00:04.334 [FXGL Background Thread 3 ] DEBUG Engine               - isFullScreenFromStart: false
13:00:04.334 [FXGL Background Thread 3 ] DEBUG Engine               - isGameMenuEnabled: true
13:00:04.334 [FXGL Background Thread 3 ] DEBUG Engine               - isIOS: false
13:00:04.334 [FXGL Background Thread 3 ] DEBUG Engine               - isIntroEnabled: false
13:00:04.334 [FXGL Background Thread 3 ] DEBUG Engine               - isLinux: false
13:00:04.334 [FXGL Background Thread 3 ] DEBUG Engine               - isMac: true
13:00:04.334 [FXGL Background Thread 3 ] DEBUG Engine               - isMainMenuEnabled: false
13:00:04.334 [FXGL Background Thread 3 ] DEBUG Engine               - isManualResizeEnabled: false
13:00:04.334 [FXGL Background Thread 3 ] DEBUG Engine               - isMobile: false
13:00:04.334 [FXGL Background Thread 3 ] DEBUG Engine               - isNative: false
13:00:04.334 [FXGL Background Thread 3 ] DEBUG Engine               - isPauseMusicWhenMinimized: true
13:00:04.334 [FXGL Background Thread 3 ] DEBUG Engine               - isPreserveResizeRatio: false
13:00:04.334 [FXGL Background Thread 3 ] DEBUG Engine               - isProfilingEnabled: false
13:00:04.334 [FXGL Background Thread 3 ] DEBUG Engine               - isScaleAffectedOnResize: true
13:00:04.334 [FXGL Background Thread 3 ] DEBUG Engine               - isSingleStep: false
13:00:04.334 [FXGL Background Thread 3 ] DEBUG Engine               - isUserProfileEnabled: false
13:00:04.334 [FXGL Background Thread 3 ] DEBUG Engine               - isWindows: false
13:00:04.335 [FXGL Background Thread 3 ] DEBUG Engine               - language: ObjectProperty [value: ENGLISH]
13:00:04.335 [FXGL Background Thread 3 ] DEBUG Engine               - menuKey: ESCAPE
13:00:04.335 [FXGL Background Thread 3 ] DEBUG Engine               - mouseSensitivity: 0.2
13:00:04.335 [FXGL Background Thread 3 ] DEBUG Engine               - notificationViewClass: class com.almasb.fxgl.notification.view.XboxNotificationView
13:00:04.335 [FXGL Background Thread 3 ] DEBUG Engine               - pixelsPerMeter: 50.0
13:00:04.335 [FXGL Background Thread 3 ] DEBUG Engine               - platform: MAC
13:00:04.335 [FXGL Background Thread 3 ] DEBUG Engine               - prefHeightProperty: ReadOnlyDoubleProperty [value: 600.0]
13:00:04.335 [FXGL Background Thread 3 ] DEBUG Engine               - prefWidthProperty: ReadOnlyDoubleProperty [value: 600.0]
13:00:04.335 [FXGL Background Thread 3 ] DEBUG Engine               - profileDir: profiles/
13:00:04.335 [FXGL Background Thread 3 ] DEBUG Engine               - profileName: StringProperty [value: DEFAULT]
13:00:04.335 [FXGL Background Thread 3 ] DEBUG Engine               - randomSeed: -1
13:00:04.335 [FXGL Background Thread 3 ] DEBUG Engine               - runtimeInfo: RuntimeInfo(platform=MAC, version=21.1, build=27.03.2024 07.52)
13:00:04.335 [FXGL Background Thread 3 ] DEBUG Engine               - saveFileExt: sav
13:00:04.335 [FXGL Background Thread 3 ] DEBUG Engine               - scaledHeightProp$fxgl: DoubleProperty [bound, value: 600.0]
13:00:04.335 [FXGL Background Thread 3 ] DEBUG Engine               - scaledWidthProp$fxgl: DoubleProperty [bound, value: 600.0]
13:00:04.335 [FXGL Background Thread 3 ] DEBUG Engine               - sceneFactory: com.almasb.fxgl.app.scene.SceneFactory@4bfa75f1
13:00:04.335 [FXGL Background Thread 3 ] DEBUG Engine               - secondsIn24h: 60
13:00:04.335 [FXGL Background Thread 3 ] DEBUG Engine               - soundMenuBack: menu/back.wav
13:00:04.335 [FXGL Background Thread 3 ] DEBUG Engine               - soundMenuPress: menu/press.wav
13:00:04.335 [FXGL Background Thread 3 ] DEBUG Engine               - soundMenuSelect: menu/select.wav
13:00:04.336 [FXGL Background Thread 3 ] DEBUG Engine               - soundNotification: core/notification.wav
13:00:04.336 [FXGL Background Thread 3 ] DEBUG Engine               - stageStyle: DECORATED
13:00:04.336 [FXGL Background Thread 3 ] DEBUG Engine               - supportedLanguages: [ENGLISH, FRENCH, GERMAN, HUNGARIAN, RUSSIAN]
13:00:04.336 [FXGL Background Thread 3 ] DEBUG Engine               - ticksPerSecond: -1
13:00:04.336 [FXGL Background Thread 3 ] DEBUG Engine               - title: Basic Game App
13:00:04.336 [FXGL Background Thread 3 ] DEBUG Engine               - urlGithub: https://github.com/AlmasB/FXGL
13:00:04.336 [FXGL Background Thread 3 ] DEBUG Engine               - urlLeaderboard: http://fxgl-top.herokuapp.com/
13:00:04.336 [FXGL Background Thread 3 ] DEBUG Engine               - urlPOM: https://raw.githubusercontent.com/AlmasB/FXGL/release/README.md
13:00:04.336 [FXGL Background Thread 3 ] DEBUG Engine               - userAppClass: class com.github.jontejj.cell.evolution.game.BasicGameApp
13:00:04.336 [FXGL Background Thread 3 ] DEBUG Engine               - version: 0.1
13:00:04.336 [FXGL Background Thread 3 ] DEBUG Engine               - versionCheckDays: 7
13:00:04.336 [FXGL Background Thread 3 ] DEBUG Engine               - width: 600
13:00:04.336 [FXGL Background Thread 3 ] DEBUG Engine               - Logging services
13:00:04.336 [FXGL Background Thread 3 ] DEBUG Engine               - class com.almasb.fxgl.app.services.FXGLAssetLoaderService
13:00:04.336 [FXGL Background Thread 3 ] DEBUG Engine               - class com.almasb.fxgl.app.FXGLApplication$GameApplicationService
13:00:04.336 [FXGL Background Thread 3 ] DEBUG Engine               - class com.almasb.fxgl.app.services.FXGLDialogService
13:00:04.336 [FXGL Background Thread 3 ] DEBUG Engine               - class com.almasb.fxgl.app.services.IOTaskExecutorService
13:00:04.336 [FXGL Background Thread 3 ] DEBUG Engine               - class com.almasb.fxgl.io.FileSystemService
13:00:04.336 [FXGL Background Thread 3 ] DEBUG Engine               - class com.almasb.fxgl.localization.LocalizationService
13:00:04.336 [FXGL Background Thread 3 ] DEBUG Engine               - class com.almasb.fxgl.app.services.SystemBundleService
13:00:04.336 [FXGL Background Thread 3 ] DEBUG Engine               - class com.almasb.fxgl.profile.SaveLoadService
13:00:04.336 [FXGL Background Thread 3 ] DEBUG Engine               - class com.almasb.fxgl.ui.FXGLUIFactoryServiceProvider
13:00:04.336 [FXGL Background Thread 3 ] DEBUG Engine               - class com.almasb.fxgl.ui.FXGLDialogFactoryServiceProvider
13:00:04.336 [FXGL Background Thread 3 ] DEBUG Engine               - class com.almasb.fxgl.audio.AudioPlayer
13:00:04.336 [FXGL Background Thread 3 ] DEBUG Engine               - class com.almasb.fxgl.notification.impl.NotificationServiceProvider
13:00:04.337 [FXGL Background Thread 3 ] DEBUG Engine               - class com.almasb.fxgl.achievement.AchievementService
13:00:04.337 [FXGL Background Thread 3 ] DEBUG Engine               - class com.almasb.fxgl.cutscene.CutsceneService
13:00:04.337 [FXGL Background Thread 3 ] DEBUG Engine               - class com.almasb.fxgl.minigames.MiniGameService
13:00:04.337 [FXGL Background Thread 3 ] DEBUG Engine               - class com.almasb.fxgl.net.NetService
13:00:04.337 [FXGL Background Thread 3 ] DEBUG Engine               - class com.almasb.fxgl.app.services.UpdaterService
13:00:04.337 [FXGL Background Thread 3 ] DEBUG Engine               - class com.almasb.fxgl.dev.DevService
13:00:04.407 [FXGL Background Thread 4 ] WARN  FXGLAssetLoaderServi - Asset "/assets/textures/brick.png" was not found!
13:00:04.407 [FXGL Background Thread 4 ] WARN  FXGLAssetLoaderServi - Failed to load IMAGE
13:00:04.407 [FXGL Background Thread 4 ] INFO  FXGLApplication      - Game initialization took: 3.046 sec
13:00:04.408 [JavaFX Application Thread] DEBUG Input                - Clearing active input actions
13:00:04.412 [JavaFX Application Thread] DEBUG GameApplicationServi - Removing overlay from FXGLLoadingScene and adding to GameScene
13:00:04.412 [JavaFX Application Thread] DEBUG PrimaryStageWindow   - FXGLLoadingScene -> GameScene
13:00:13.002 [JavaFX Application Thread] WARN  FXGLAssetLoaderServi - Asset "/assets/sounds/drop.wav" was not found!
13:00:13.003 [JavaFX Application Thread] WARN  FXGLAssetLoaderServi - Failed to load SOUND
13:00:14.608 [JavaFX Application Thread] WARN  FXGLAssetLoaderServi - Asset "/assets/sounds/drop.wav" was not found!
13:00:14.608 [JavaFX Application Thread] WARN  FXGLAssetLoaderServi - Failed to load SOUND
13:00:15.041 [JavaFX Application Thread] WARN  FXGLAssetLoaderServi - Asset "/assets/sounds/drop.wav" was not found!
13:00:15.042 [JavaFX Application Thread] WARN  FXGLAssetLoaderServi - Failed to load SOUND
13:00:15.313 [JavaFX Application Thread] WARN  FXGLAssetLoaderServi - Asset "/assets/sounds/drop.wav" was not found!
13:00:15.314 [JavaFX Application Thread] WARN  FXGLAssetLoaderServi - Failed to load SOUND
13:00:15.602 [JavaFX Application Thread] WARN  FXGLAssetLoaderServi - Asset "/assets/sounds/drop.wav" was not found!
13:00:15.603 [JavaFX Application Thread] WARN  FXGLAssetLoaderServi - Failed to load SOUND
13:00:21.145 [JavaFX Application Thread] WARN  FXGLAssetLoaderServi - Asset "/assets/sounds/drop.wav" was not found!
13:00:21.146 [JavaFX Application Thread] WARN  FXGLAssetLoaderServi - Failed to load SOUND
13:00:23.750 [JavaFX Application Thread] DEBUG FXGLApplication      - Exiting FXGL
13:00:23.750 [JavaFX Application Thread] DEBUG LoopRunner           - Stopping loop
13:00:23.751 [JavaFX Application Thread] DEBUG SystemBundleService  - Saving FXGL system data
13:00:23.754 [JavaFX Application Thread] DEBUG FileSystemAccess     - Writing to: /Users/jonatanjonsson/code/lipid-bilayer/system/fxgl.bundle
13:00:23.757 [JavaFX Application Thread] DEBUG Async                - Shutting down background threads
13:00:23.757 [JavaFX Application Thread] DEBUG PrimaryStageWindow   - Closing main window
13:00:23.765 [JavaFX Application Thread] DEBUG Logger               - Closing Logger
