12:29:46.524 [main                     ] DEBUG Logger               - Configured Logger
12:29:46.527 [main                     ] DEBUG GameApplication      - Logging settings
Title: Basic Game App
Version: 0.1
Width: 600
Height: 600
Fullscreen: false
Intro: false
Profiling: false
Single step:false
App Mode: DEVELOPER
Menu Key: ESCAPE
Stage Style: DECORATED
Scene Factory: class com.almasb.fxgl.app.scene.SceneFactory

12:29:46.659 [JavaFX Application Thread] DEBUG FXGLApplication      - Initializing FXGL
12:29:46.660 [JavaFX Application Thread] INFO  Engine               - FXGL-21.1 (27.03.2024 07.52) on MAC (J:24.0.1 FX:17.0.15)
12:29:46.660 [JavaFX Application Thread] DEBUG Engine               - JRE Vendor Name: Oracle Corporation
12:29:46.660 [JavaFX Application Thread] DEBUG Engine               - Running on OS: Mac OS X version 15.3.2
12:29:46.660 [JavaFX Application Thread] DEBUG Engine               - Architecture: aarch64
12:29:46.660 [JavaFX Application Thread] INFO  Engine               - Source code and latest versions at: https://github.com/AlmasB/FXGL
12:29:46.660 [JavaFX Application Thread] INFO  Engine               -       Ask questions and discuss at: https://github.com/AlmasB/FXGL/discussions
12:29:46.660 [JavaFX Application Thread] INFO  Engine               -              Join the FXGL chat at: https://gitter.im/AlmasB/FXGL
12:29:46.688 [JavaFX Application Thread] DEBUG PrimaryStageWindow   - Creating a JavaFX scene
12:29:46.702 [JavaFX Application Thread] DEBUG PrimaryStageWindow   - Target settings size: 600.0 x 600.0
12:29:46.702 [JavaFX Application Thread] DEBUG PrimaryStageWindow   - Scaled scene size:    600.0 x 600.0
12:29:46.702 [JavaFX Application Thread] DEBUG PrimaryStageWindow   - Scaled ratio: (1.0, 1.0)
12:29:46.703 [JavaFX Application Thread] DEBUG PrimaryStageWindow   - Set initial scene to FXGLStartupScene
12:29:46.705 [JavaFX Application Thread] DEBUG PrimaryStageWindow   - Opening main window
12:29:46.747 [JavaFX Application Thread] DEBUG PrimaryStageWindow   - Window border size: (0.0, 28.0)
12:29:46.747 [JavaFX Application Thread] DEBUG PrimaryStageWindow   - Scaled size: 600.0 x 600.0
12:29:46.747 [JavaFX Application Thread] DEBUG PrimaryStageWindow   - Scaled ratio: (1.0, 1.0)
12:29:46.747 [JavaFX Application Thread] DEBUG PrimaryStageWindow   - Scene size: 600.0 x 600.0
12:29:46.747 [JavaFX Application Thread] DEBUG PrimaryStageWindow   - Stage size: 600.0 x 628.0
12:29:46.750 [FXGL Background Thread 1 ] DEBUG Engine               - Initializing environment variables
12:29:46.786 [FXGL Background Thread 1 ] DEBUG FXGLAssetLoaderServi - User app class for loading assets: class com.github.jontejj.cell.evolution.game.BasicGameApp
12:29:46.786 [FXGL Background Thread 1 ] DEBUG GameApplicationServi - Applying CSS: fxgl_dark.css
12:29:46.786 [FXGL Background Thread 1 ] DEBUG FXGLAssetLoaderServi - Loading from file system: jar:file:///Users/jonatanjonsson/.m2/repository/com/github/almasb/fxgl/21.1/fxgl-21.1.jar!/fxglassets/ui/css/fxgl_dark.css
12:29:46.825 [FXGL Background Thread 1 ] DEBUG GameApplicationServi - Initializing application scenes
12:29:46.934 [FXGL Background Thread 1 ] DEBUG GameWorld            - Game world initialized
12:29:46.954 [FXGL Background Thread 1 ] DEBUG PhysicsWorld         - Physics world initialized: appHeight=600, physics.ppm=50.0
12:29:46.954 [FXGL Background Thread 1 ] DEBUG PhysicsWorld         - Using strategy: BRUTE_FORCE
12:29:46.955 [FXGL Background Thread 1 ] DEBUG GameScene            - Game scene initialized: 600x600
12:29:46.959 [FXGL Background Thread 1 ] WARN  FXGL.DefaultMenu     - FXGLDefaultMenu is not designed for resolutions < 800x600
12:29:46.959 [FXGL Background Thread 1 ] DEBUG FXGL.DefaultMenu     - createMenuBodyGameMenu()
12:29:46.963 [FXGL Background Thread 1 ] DEBUG FXGL.DefaultMenu     - createOptionsMenu()
12:29:46.967 [FXGL Background Thread 1 ] DEBUG FXGLAssetLoaderServi - Loading from file system: jar:file:///Users/jonatanjonsson/.m2/repository/com/github/almasb/fxgl/21.1/fxgl-21.1.jar!/fxglassets/textures/particles/smoke.png
12:29:47.000 [FXGL Background Thread 1 ] DEBUG FXGLAssetLoaderServi - Loading from file system: jar:file:///Users/jonatanjonsson/.m2/repository/com/github/almasb/fxgl/21.1/fxgl-21.1.jar!/fxglassets/textures/particles/trace_horizontal.png
12:29:47.011 [FXGL Background Thread 1 ] DEBUG GameApplicationServi - Application scenes initialized
12:29:47.014 [FXGL Background Thread 1 ] DEBUG SystemBundleService  - Loading FXGL system data
12:29:47.016 [FXGL Background Thread 1 ] DEBUG FileSystemAccess     - Reading from: /Users/jonatanjonsson/code/lipid-bilayer/system/fxgl.bundle
12:29:47.018 [FXGL Background Thread 1 ] DEBUG SystemBundleService  - Bundle FXGL: {}
12:29:47.018 [FXGL Background Thread 1 ] DEBUG UpdaterService       - Checking for updates
12:29:47.019 [FXGL Background Thread 4 ] DEBUG FXGLApplication      - Loading fonts
12:29:47.019 [FXGL Background Thread 4 ] DEBUG FXGLAssetLoaderServi - Loading from file system: jar:file:///Users/jonatanjonsson/.m2/repository/com/github/almasb/fxgl/21.1/fxgl-21.1.jar!/fxglassets/ui/fonts/VarelaRound-Regular.ttf
12:29:47.020 [FXGL Background Thread 1 ] DEBUG FXGLApplication      - Loading default localization
12:29:47.020 [FXGL Background Thread 1 ] DEBUG FXGLAssetLoaderServi - Loading from file system: jar:file:///Users/jonatanjonsson/.m2/repository/com/github/almasb/fxgl/21.1/fxgl-21.1.jar!/fxglassets/languages/english.lang
12:29:47.024 [FXGL Background Thread 4 ] DEBUG FXGLAssetLoaderServi - Loading from file system: jar:file:///Users/jonatanjonsson/.m2/repository/com/github/almasb/fxgl/21.1/fxgl-21.1.jar!/fxglassets/ui/fonts/Abel-Regular.ttf
12:29:47.026 [FXGL Background Thread 4 ] DEBUG FXGLAssetLoaderServi - Loading from file system: jar:file:///Users/jonatanjonsson/.m2/repository/com/github/almasb/fxgl/21.1/fxgl-21.1.jar!/fxglassets/ui/fonts/TerminalLandMono-Regular.otf
12:29:47.027 [FXGL Background Thread 4 ] DEBUG FXGLAssetLoaderServi - Loading from file system: jar:file:///Users/jonatanjonsson/.m2/repository/com/github/almasb/fxgl/21.1/fxgl-21.1.jar!/fxglassets/ui/fonts/Courier-Prime.ttf
12:29:47.027 [FXGL Background Thread 1 ] INFO  FXGLApplication      - FXGL initialization took: 0.277 sec
12:29:47.028 [JavaFX Application Thread] DEBUG FXGLAssetLoaderServi - Loading from file system: jar:file:///Users/jonatanjonsson/.m2/repository/com/github/almasb/fxgl/21.1/fxgl-21.1.jar!/fxglassets/textures/fxgl_icon.png
12:29:47.042 [JavaFX Application Thread] DEBUG FXGLAssetLoaderServi - Loading from file system: jar:file:///Users/jonatanjonsson/.m2/repository/com/github/almasb/fxgl/21.1/fxgl-21.1.jar!/fxglassets/textures/fxgl_default_cursor.png
12:29:47.046 [JavaFX Application Thread] DEBUG Input                - Registered new binding: Screenshot - CTRL+8
12:29:47.046 [JavaFX Application Thread] DEBUG Input                - Registered new binding: System info dump - CTRL+9
12:29:47.046 [JavaFX Application Thread] DEBUG Input                - Registered new binding: Restart - CTRL+R
12:29:47.046 [JavaFX Application Thread] DEBUG Input                - Registered new binding: Toggle Debug Camera - CTRL+7
12:29:47.047 [JavaFX Application Thread] DEBUG LoopRunner           - Starting loop
12:29:47.047 [JavaFX Application Thread] DEBUG LoopRunner           - Initializing JavaFX AnimationTimerLoop
12:29:47.047 [JavaFX Application Thread] DEBUG GameApplicationServi - Starting new game
12:29:47.047 [JavaFX Application Thread] DEBUG Input                - Clearing active input actions
12:29:47.051 [JavaFX Application Thread] DEBUG GameApplicationServi - Removing overlay from FXGLStartupScene and adding to FXGLLoadingScene
12:29:47.051 [JavaFX Application Thread] DEBUG PrimaryStageWindow   - FXGLStartupScene -> FXGLLoadingScene
12:29:47.051 [JavaFX Application Thread] DEBUG GameApplicationServi - Clearing previous game
12:29:47.051 [JavaFX Application Thread] DEBUG GameScene            - Clearing game scene
12:29:47.051 [JavaFX Application Thread] DEBUG GameWorld            - Clearing game world
12:29:47.051 [JavaFX Application Thread] DEBUG PhysicsWorld         - Clearing physics world
12:29:47.052 [FXGL Background Thread 4 ] DEBUG FXGLApplication      - Initializing game
12:29:47.053 [FXGL Background Thread 4 ] INFO  FXGLApplication      - Game initialization took: 0.001 sec
12:29:47.054 [JavaFX Application Thread] DEBUG FXGLApplication      - Registering font factories with UI factory
12:29:47.055 [JavaFX Application Thread] DEBUG Input                - Clearing active input actions
12:29:47.057 [JavaFX Application Thread] DEBUG GameApplicationServi - Removing overlay from FXGLLoadingScene and adding to GameScene
12:29:47.058 [JavaFX Application Thread] DEBUG PrimaryStageWindow   - FXGLLoadingScene -> GameScene
12:29:49.785 [JavaFX Application Thread] DEBUG FXGLApplication      - Exiting FXGL
12:29:49.785 [JavaFX Application Thread] DEBUG LoopRunner           - Stopping loop
12:29:49.785 [JavaFX Application Thread] DEBUG SystemBundleService  - Saving FXGL system data
12:29:49.790 [JavaFX Application Thread] DEBUG FileSystemAccess     - Writing to: /Users/jonatanjonsson/code/lipid-bilayer/system/fxgl.bundle
12:29:49.794 [JavaFX Application Thread] DEBUG Async                - Shutting down background threads
12:29:49.795 [JavaFX Application Thread] DEBUG PrimaryStageWindow   - Closing main window
12:29:49.806 [JavaFX Application Thread] DEBUG Logger               - Closing Logger
