12:35:17.198 [main                     ] DEBUG Logger               - Configured Logger
12:35:17.201 [main                     ] DEBUG GameApplication      - Logging settings
Title: Basic Game App
Version: 0.1
Width: 600
Height: 600
Fullscreen: false
Intro: false
Profiling: false
Single step:false
App Mode: DEVELOPER
Menu Key: ESCAPE
Stage Style: DECORATED
Scene Factory: class com.almasb.fxgl.app.scene.SceneFactory

12:35:17.331 [JavaFX Application Thread] DEBUG FXGLApplication      - Initializing FXGL
12:35:17.332 [JavaFX Application Thread] INFO  Engine               - FXGL-21.1 (27.03.2024 07.52) on MAC (J:24.0.1 FX:17.0.15)
12:35:17.332 [JavaFX Application Thread] DEBUG Engine               - JRE Vendor Name: Oracle Corporation
12:35:17.332 [JavaFX Application Thread] DEBUG Engine               - Running on OS: Mac OS X version 15.3.2
12:35:17.332 [JavaFX Application Thread] DEBUG Engine               - Architecture: aarch64
12:35:17.332 [JavaFX Application Thread] INFO  Engine               - Source code and latest versions at: https://github.com/AlmasB/FXGL
12:35:17.333 [JavaFX Application Thread] INFO  Engine               -       Ask questions and discuss at: https://github.com/AlmasB/FXGL/discussions
12:35:17.333 [JavaFX Application Thread] INFO  Engine               -              Join the FXGL chat at: https://gitter.im/AlmasB/FXGL
12:35:17.361 [JavaFX Application Thread] DEBUG PrimaryStageWindow   - Creating a JavaFX scene
12:35:17.374 [JavaFX Application Thread] DEBUG PrimaryStageWindow   - Target settings size: 600.0 x 600.0
12:35:17.374 [JavaFX Application Thread] DEBUG PrimaryStageWindow   - Scaled scene size:    600.0 x 600.0
12:35:17.374 [JavaFX Application Thread] DEBUG PrimaryStageWindow   - Scaled ratio: (1.0, 1.0)
12:35:17.374 [JavaFX Application Thread] DEBUG PrimaryStageWindow   - Set initial scene to FXGLStartupScene
12:35:17.376 [JavaFX Application Thread] DEBUG PrimaryStageWindow   - Opening main window
12:35:17.421 [JavaFX Application Thread] DEBUG PrimaryStageWindow   - Window border size: (0.0, 28.0)
12:35:17.421 [JavaFX Application Thread] DEBUG PrimaryStageWindow   - Scaled size: 600.0 x 600.0
12:35:17.421 [JavaFX Application Thread] DEBUG PrimaryStageWindow   - Scaled ratio: (1.0, 1.0)
12:35:17.421 [JavaFX Application Thread] DEBUG PrimaryStageWindow   - Scene size: 600.0 x 600.0
12:35:17.421 [JavaFX Application Thread] DEBUG PrimaryStageWindow   - Stage size: 600.0 x 628.0
12:35:17.423 [FXGL Background Thread 1 ] DEBUG Engine               - Initializing environment variables
12:35:17.455 [FXGL Background Thread 1 ] DEBUG FXGLAssetLoaderServi - User app class for loading assets: class com.github.jontejj.cell.evolution.game.BasicGameApp
12:35:17.455 [FXGL Background Thread 1 ] DEBUG GameApplicationServi - Applying CSS: fxgl_dark.css
12:35:17.456 [FXGL Background Thread 1 ] DEBUG FXGLAssetLoaderServi - Loading from file system: jar:file:///Users/jonatanjonsson/.m2/repository/com/github/almasb/fxgl/21.1/fxgl-21.1.jar!/fxglassets/ui/css/fxgl_dark.css
12:35:17.496 [FXGL Background Thread 1 ] DEBUG GameApplicationServi - Initializing application scenes
12:35:17.601 [FXGL Background Thread 1 ] DEBUG GameWorld            - Game world initialized
12:35:17.620 [FXGL Background Thread 1 ] DEBUG PhysicsWorld         - Physics world initialized: appHeight=600, physics.ppm=50.0
12:35:17.620 [FXGL Background Thread 1 ] DEBUG PhysicsWorld         - Using strategy: BRUTE_FORCE
12:35:17.621 [FXGL Background Thread 1 ] DEBUG GameScene            - Game scene initialized: 600x600
12:35:17.624 [FXGL Background Thread 1 ] WARN  FXGL.DefaultMenu     - FXGLDefaultMenu is not designed for resolutions < 800x600
12:35:17.624 [FXGL Background Thread 1 ] DEBUG FXGL.DefaultMenu     - createMenuBodyGameMenu()
12:35:17.629 [FXGL Background Thread 1 ] DEBUG FXGL.DefaultMenu     - createOptionsMenu()
12:35:17.632 [FXGL Background Thread 1 ] DEBUG FXGLAssetLoaderServi - Loading from file system: jar:file:///Users/jonatanjonsson/.m2/repository/com/github/almasb/fxgl/21.1/fxgl-21.1.jar!/fxglassets/textures/particles/smoke.png
12:35:17.666 [FXGL Background Thread 1 ] DEBUG FXGLAssetLoaderServi - Loading from file system: jar:file:///Users/jonatanjonsson/.m2/repository/com/github/almasb/fxgl/21.1/fxgl-21.1.jar!/fxglassets/textures/particles/trace_horizontal.png
12:35:17.676 [FXGL Background Thread 1 ] DEBUG GameApplicationServi - Application scenes initialized
12:35:17.679 [FXGL Background Thread 1 ] DEBUG SystemBundleService  - Loading FXGL system data
12:35:17.680 [FXGL Background Thread 1 ] DEBUG FileSystemAccess     - Reading from: /Users/jonatanjonsson/code/lipid-bilayer/system/fxgl.bundle
12:35:17.682 [FXGL Background Thread 1 ] DEBUG SystemBundleService  - Bundle FXGL: {}
12:35:17.683 [FXGL Background Thread 1 ] DEBUG UpdaterService       - Checking for updates
12:35:17.684 [FXGL Background Thread 4 ] DEBUG FXGLApplication      - Loading fonts
12:35:17.684 [FXGL Background Thread 4 ] DEBUG FXGLAssetLoaderServi - Loading from file system: jar:file:///Users/jonatanjonsson/.m2/repository/com/github/almasb/fxgl/21.1/fxgl-21.1.jar!/fxglassets/ui/fonts/VarelaRound-Regular.ttf
12:35:17.684 [FXGL Background Thread 1 ] DEBUG FXGLApplication      - Loading default localization
12:35:17.684 [FXGL Background Thread 1 ] DEBUG FXGLAssetLoaderServi - Loading from file system: jar:file:///Users/jonatanjonsson/.m2/repository/com/github/almasb/fxgl/21.1/fxgl-21.1.jar!/fxglassets/languages/english.lang
12:35:17.688 [FXGL Background Thread 4 ] DEBUG FXGLAssetLoaderServi - Loading from file system: jar:file:///Users/jonatanjonsson/.m2/repository/com/github/almasb/fxgl/21.1/fxgl-21.1.jar!/fxglassets/ui/fonts/Abel-Regular.ttf
12:35:17.689 [FXGL Background Thread 4 ] DEBUG FXGLAssetLoaderServi - Loading from file system: jar:file:///Users/jonatanjonsson/.m2/repository/com/github/almasb/fxgl/21.1/fxgl-21.1.jar!/fxglassets/ui/fonts/TerminalLandMono-Regular.otf
12:35:17.690 [FXGL Background Thread 4 ] DEBUG FXGLAssetLoaderServi - Loading from file system: jar:file:///Users/jonatanjonsson/.m2/repository/com/github/almasb/fxgl/21.1/fxgl-21.1.jar!/fxglassets/ui/fonts/Courier-Prime.ttf
12:35:17.690 [FXGL Background Thread 1 ] INFO  FXGLApplication      - FXGL initialization took: 0.267 sec
12:35:17.694 [JavaFX Application Thread] DEBUG Input                - Registered new binding: action0 - D
12:35:17.694 [JavaFX Application Thread] DEBUG FXGLAssetLoaderServi - Loading from file system: jar:file:///Users/jonatanjonsson/.m2/repository/com/github/almasb/fxgl/21.1/fxgl-21.1.jar!/fxglassets/textures/fxgl_icon.png
12:35:17.704 [JavaFX Application Thread] DEBUG FXGLAssetLoaderServi - Loading from file system: jar:file:///Users/jonatanjonsson/.m2/repository/com/github/almasb/fxgl/21.1/fxgl-21.1.jar!/fxglassets/textures/fxgl_default_cursor.png
12:35:17.705 [JavaFX Application Thread] DEBUG Input                - Registered new binding: Screenshot - CTRL+8
12:35:17.705 [JavaFX Application Thread] DEBUG Input                - Registered new binding: System info dump - CTRL+9
12:35:17.705 [JavaFX Application Thread] DEBUG Input                - Registered new binding: Restart - CTRL+R
12:35:17.705 [JavaFX Application Thread] DEBUG Input                - Registered new binding: Toggle Debug Camera - CTRL+7
12:35:17.706 [JavaFX Application Thread] DEBUG LoopRunner           - Starting loop
12:35:17.706 [JavaFX Application Thread] DEBUG LoopRunner           - Initializing JavaFX AnimationTimerLoop
12:35:17.706 [JavaFX Application Thread] DEBUG GameApplicationServi - Starting new game
12:35:17.706 [JavaFX Application Thread] DEBUG Input                - Clearing active input actions
12:35:17.710 [JavaFX Application Thread] DEBUG GameApplicationServi - Removing overlay from FXGLStartupScene and adding to FXGLLoadingScene
12:35:17.710 [JavaFX Application Thread] DEBUG PrimaryStageWindow   - FXGLStartupScene -> FXGLLoadingScene
12:35:17.710 [JavaFX Application Thread] DEBUG GameApplicationServi - Clearing previous game
12:35:17.710 [JavaFX Application Thread] DEBUG GameScene            - Clearing game scene
12:35:17.710 [JavaFX Application Thread] DEBUG GameWorld            - Clearing game world
12:35:17.710 [JavaFX Application Thread] DEBUG PhysicsWorld         - Clearing physics world
12:35:17.711 [FXGL Background Thread 4 ] DEBUG FXGLApplication      - Initializing game
12:35:17.712 [FXGL Background Thread 4 ] INFO  FXGLApplication      - Game initialization took: 0.001 sec
12:35:17.713 [JavaFX Application Thread] DEBUG FXGLApplication      - Registering font factories with UI factory
12:35:17.714 [JavaFX Application Thread] DEBUG Input                - Clearing active input actions
12:35:17.716 [JavaFX Application Thread] DEBUG GameApplicationServi - Removing overlay from FXGLLoadingScene and adding to GameScene
12:35:17.716 [JavaFX Application Thread] DEBUG PrimaryStageWindow   - FXGLLoadingScene -> GameScene
12:35:20.225 [JavaFX Application Thread] DEBUG FXGLApplication      - Exiting FXGL
12:35:20.225 [JavaFX Application Thread] DEBUG LoopRunner           - Stopping loop
12:35:20.225 [JavaFX Application Thread] DEBUG SystemBundleService  - Saving FXGL system data
12:35:20.230 [JavaFX Application Thread] DEBUG FileSystemAccess     - Writing to: /Users/jonatanjonsson/code/lipid-bilayer/system/fxgl.bundle
12:35:20.234 [JavaFX Application Thread] DEBUG Async                - Shutting down background threads
12:35:20.235 [JavaFX Application Thread] DEBUG PrimaryStageWindow   - Closing main window
12:35:20.246 [JavaFX Application Thread] DEBUG Logger               - Closing Logger
